<?xml version="1.0" encoding="UTF-8"?>
<testng-results skipped="0" failed="0" ignored="0" total="1" passed="1">
  <reporter-output>
  </reporter-output>
  <suite name="Default suite" duration-ms="2854" started-at="2018-07-31T07:23:32Z" finished-at="2018-07-31T07:23:35Z">
    <groups>
    </groups>
    <test name="Default test" duration-ms="2854" started-at="2018-07-31T07:23:32Z" finished-at="2018-07-31T07:23:35Z">
      <class name="RestAssuredFramework.Connected2.Sessions.CreateAdminSession">
        <test-method status="PASS" signature="testResponse()[pri:0, instance:RestAssuredFramework.Connected2.Sessions.CreateAdminSession@26653222]" name="testResponse" duration-ms="2836" started-at="2018-07-31T07:23:32Z" finished-at="2018-07-31T07:23:35Z">
          <reporter-output>
          </reporter-output>
        </test-method> <!-- testResponse -->
      </class> <!-- RestAssuredFramework.Connected2.Sessions.CreateAdminSession -->
    </test> <!-- Default test -->
  </suite> <!-- Default suite -->
</testng-results>
